app/build/intermediates/manifest_merge_blame_file/debug/processDebugMainManifest/manifest-merger-blame-debug-report.txt
1<?xml version="1.0" encoding="utf-8"?>
2<manifest xmlns:android="http://schemas.android.com/apk/res/android"
3    package="com.mospee"
4    android:versionCode="1"
5    android:versionName="1.0.0" >
6
7    <uses-sdk
8        android:minSdkVersion="26"
9        android:targetSdkVersion="35" />
10
11    <!-- Location Permissions -->
12    <uses-permission android:name="android.permission.ACCESS_FINE_LOCATION" />
12-->src\main\AndroidManifest.xml:5:5-79
12-->src\main\AndroidManifest.xml:5:22-76
13    <uses-permission android:name="android.permission.ACCESS_COARSE_LOCATION" />
13-->src\main\AndroidManifest.xml:6:5-81
13-->src\main\AndroidManifest.xml:6:22-78
14    <uses-permission android:name="android.permission.ACCESS_BACKGROUND_LOCATION" />
14-->src\main\AndroidManifest.xml:7:5-85
14-->src\main\AndroidManifest.xml:7:22-82
15
16    <!-- Foreground Service -->
17    <uses-permission android:name="android.permission.FOREGROUND_SERVICE" />
17-->src\main\AndroidManifest.xml:10:5-77
17-->src\main\AndroidManifest.xml:10:22-74
18    <uses-permission android:name="android.permission.FOREGROUND_SERVICE_LOCATION" />
18-->src\main\AndroidManifest.xml:11:5-86
18-->src\main\AndroidManifest.xml:11:22-83
19
20    <!-- Notifications (Android 13+) -->
21    <uses-permission android:name="android.permission.POST_NOTIFICATIONS" />
21-->src\main\AndroidManifest.xml:14:5-77
21-->src\main\AndroidManifest.xml:14:22-74
22
23    <!-- Vibration for overspeed alert -->
24    <uses-permission android:name="android.permission.VIBRATE" />
24-->src\main\AndroidManifest.xml:17:5-66
24-->src\main\AndroidManifest.xml:17:22-63
25
26    <!-- Wake lock to keep tracking running -->
27    <uses-permission android:name="android.permission.WAKE_LOCK" />
27-->src\main\AndroidManifest.xml:20:5-68
27-->src\main\AndroidManifest.xml:20:22-65
28
29    <!-- Internet for Maps -->
30    <uses-permission android:name="android.permission.INTERNET" />
30-->src\main\AndroidManifest.xml:23:5-67
30-->src\main\AndroidManifest.xml:23:22-64
31    <uses-permission android:name="android.permission.ACCESS_NETWORK_STATE" />
31-->src\main\AndroidManifest.xml:24:5-79
31-->src\main\AndroidManifest.xml:24:22-76
32
33    <uses-feature
33-->src\main\AndroidManifest.xml:26:5-28:35
34        android:name="android.hardware.location.gps"
34-->src\main\AndroidManifest.xml:27:9-53
35        android:required="true" />
35-->src\main\AndroidManifest.xml:28:9-32
36    <uses-feature
36-->[com.google.android.gms:play-services-maps:18.2.0] AndroidManifest.xml:26:5-28:35
37        android:glEsVersion="0x00020000"
37-->[com.google.android.gms:play-services-maps:18.2.0] AndroidManifest.xml:27:9-41
38        android:required="true" />
38-->[com.google.android.gms:play-services-maps:18.2.0] AndroidManifest.xml:28:9-32
39
40    <queries>
40-->[com.google.android.gms:play-services-maps:18.2.0] AndroidManifest.xml:30:5-34:15
41
42        <!-- Needs to be explicitly declared on Android R+ -->
43        <package android:name="com.google.android.apps.maps" />
43-->[com.google.android.gms:play-services-maps:18.2.0] AndroidManifest.xml:33:9-64
43-->[com.google.android.gms:play-services-maps:18.2.0] AndroidManifest.xml:33:18-61
44    </queries>
45
46    <uses-permission android:name="com.google.android.providers.gsf.permission.READ_GSERVICES" />
46-->[com.google.android.recaptcha:recaptcha:18.4.0] AndroidManifest.xml:9:5-98
46-->[com.google.android.recaptcha:recaptcha:18.4.0] AndroidManifest.xml:9:22-95
47
48    <permission
48-->[androidx.core:core:1.13.1] AndroidManifest.xml:22:5-24:47
49        android:name="com.mospee.DYNAMIC_RECEIVER_NOT_EXPORTED_PERMISSION"
49-->[androidx.core:core:1.13.1] AndroidManifest.xml:23:9-81
50        android:protectionLevel="signature" />
50-->[androidx.core:core:1.13.1] AndroidManifest.xml:24:9-44
51
52    <uses-permission android:name="com.mospee.DYNAMIC_RECEIVER_NOT_EXPORTED_PERMISSION" />
52-->[androidx.core:core:1.13.1] AndroidManifest.xml:26:5-97
52-->[androidx.core:core:1.13.1] AndroidManifest.xml:26:22-94
53
54    <supports-screens
54-->[org.osmdroid:osmdroid-android:6.1.20] AndroidManifest.xml:9:5-12:40
55        android:anyDensity="true"
55-->[org.osmdroid:osmdroid-android:6.1.20] AndroidManifest.xml:10:9-34
56        android:largeScreens="true"
56-->[org.osmdroid:osmdroid-android:6.1.20] AndroidManifest.xml:11:9-36
57        android:normalScreens="true" />
57-->[org.osmdroid:osmdroid-android:6.1.20] AndroidManifest.xml:12:9-37
58
59    <uses-feature
59-->[org.osmdroid:osmdroid-android:6.1.20] AndroidManifest.xml:14:5-16:36
60        android:name="android.hardware.location.network"
60-->[org.osmdroid:osmdroid-android:6.1.20] AndroidManifest.xml:15:9-57
61        android:required="false" />
61-->[org.osmdroid:osmdroid-android:6.1.20] AndroidManifest.xml:16:9-33
62    <uses-feature
62-->[org.osmdroid:osmdroid-android:6.1.20] AndroidManifest.xml:20:5-22:36
63        android:name="android.hardware.telephony"
63-->[org.osmdroid:osmdroid-android:6.1.20] AndroidManifest.xml:21:9-50
64        android:required="false" />
64-->[org.osmdroid:osmdroid-android:6.1.20] AndroidManifest.xml:22:9-33
65    <uses-feature
65-->[org.osmdroid:osmdroid-android:6.1.20] AndroidManifest.xml:23:5-25:36
66        android:name="android.hardware.wifi"
66-->[org.osmdroid:osmdroid-android:6.1.20] AndroidManifest.xml:24:9-45
67        android:required="false" />
67-->[org.osmdroid:osmdroid-android:6.1.20] AndroidManifest.xml:25:9-33
68
69    <application
69-->src\main\AndroidManifest.xml:30:5-69:19
70        android:name="com.mospee.MospeeApp"
70-->src\main\AndroidManifest.xml:31:9-34
71        android:allowBackup="true"
71-->src\main\AndroidManifest.xml:32:9-35
72        android:appComponentFactory="androidx.core.app.CoreComponentFactory"
72-->[androidx.core:core:1.13.1] AndroidManifest.xml:28:18-86
73        android:debuggable="true"
74        android:extractNativeLibs="false"
75        android:hardwareAccelerated="true"
75-->src\main\AndroidManifest.xml:38:9-43
76        android:icon="@mipmap/ic_launcher"
76-->src\main\AndroidManifest.xml:33:9-43
77        android:label="@string/app_name"
77-->src\main\AndroidManifest.xml:34:9-41
78        android:roundIcon="@mipmap/ic_launcher_round"
78-->src\main\AndroidManifest.xml:35:9-54
79        android:supportsRtl="true"
79-->src\main\AndroidManifest.xml:36:9-35
80        android:testOnly="true"
81        android:theme="@style/Theme.MOSPEE" >
81-->src\main\AndroidManifest.xml:37:9-44
82        <activity
82-->src\main\AndroidManifest.xml:40:9-49:20
83            android:name="com.mospee.MainActivity"
83-->src\main\AndroidManifest.xml:41:13-41
84            android:exported="true"
84-->src\main\AndroidManifest.xml:42:13-36
85            android:launchMode="singleTop"
85-->src\main\AndroidManifest.xml:43:13-43
86            android:windowSoftInputMode="adjustResize" >
86-->src\main\AndroidManifest.xml:44:13-55
87            <intent-filter>
87-->src\main\AndroidManifest.xml:45:13-48:29
88                <action android:name="android.intent.action.MAIN" />
88-->src\main\AndroidManifest.xml:46:17-69
88-->src\main\AndroidManifest.xml:46:25-66
89
90                <category android:name="android.intent.category.LAUNCHER" />
90-->src\main\AndroidManifest.xml:47:17-77
90-->src\main\AndroidManifest.xml:47:27-74
91            </intent-filter>
92        </activity>
93
94        <!-- Location Foreground Service -->
95        <service
95-->src\main\AndroidManifest.xml:52:9-56:56
96            android:name="com.mospee.service.LocationForegroundService"
96-->src\main\AndroidManifest.xml:53:13-62
97            android:enabled="true"
97-->src\main\AndroidManifest.xml:54:13-35
98            android:exported="false"
98-->src\main\AndroidManifest.xml:55:13-37
99            android:foregroundServiceType="location" />
99-->src\main\AndroidManifest.xml:56:13-53
100
101        <!-- FileProvider for sharing -->
102        <provider
103            android:name="androidx.core.content.FileProvider"
103-->src\main\AndroidManifest.xml:60:13-62
104            android:authorities="com.mospee.provider"
104-->src\main\AndroidManifest.xml:61:13-60
105            android:exported="false"
105-->src\main\AndroidManifest.xml:62:13-37
106            android:grantUriPermissions="true" >
106-->src\main\AndroidManifest.xml:63:13-47
107            <meta-data
107-->src\main\AndroidManifest.xml:64:13-66:58
108                android:name="android.support.FILE_PROVIDER_PATHS"
108-->src\main\AndroidManifest.xml:65:17-67
109                android:resource="@xml/provider_paths" />
109-->src\main\AndroidManifest.xml:66:17-55
110        </provider>
111
112        <meta-data
112-->[com.google.maps.android:android-maps-utils:3.8.2] AndroidManifest.xml:8:9-10:69
113            android:name="com.google.android.gms.version"
113-->[com.google.maps.android:android-maps-utils:3.8.2] AndroidManifest.xml:9:13-58
114            android:value="@integer/google_play_services_version" /> <!-- Needs to be explicitly declared on P+ -->
114-->[com.google.maps.android:android-maps-utils:3.8.2] AndroidManifest.xml:10:13-66
115        <uses-library
115-->[com.google.android.gms:play-services-maps:18.2.0] AndroidManifest.xml:39:9-41:40
116            android:name="org.apache.http.legacy"
116-->[com.google.android.gms:play-services-maps:18.2.0] AndroidManifest.xml:40:13-50
117            android:required="false" />
117-->[com.google.android.gms:play-services-maps:18.2.0] AndroidManifest.xml:41:13-37
118
119        <service
119-->[com.google.firebase:firebase-firestore-ktx:25.0.0] AndroidManifest.xml:9:9-15:19
120            android:name="com.google.firebase.components.ComponentDiscoveryService"
120-->[com.google.firebase:firebase-firestore-ktx:25.0.0] AndroidManifest.xml:10:13-84
121            android:directBootAware="true"
121-->[com.google.firebase:firebase-common:21.0.0] AndroidManifest.xml:32:13-43
122            android:exported="false" >
122-->[com.google.firebase:firebase-firestore-ktx:25.0.0] AndroidManifest.xml:11:13-37
123            <meta-data
123-->[com.google.firebase:firebase-firestore-ktx:25.0.0] AndroidManifest.xml:12:13-14:85
124                android:name="com.google.firebase.components:com.google.firebase.firestore.ktx.FirebaseFirestoreLegacyRegistrar"
124-->[com.google.firebase:firebase-firestore-ktx:25.0.0] AndroidManifest.xml:13:17-129
125                android:value="com.google.firebase.components.ComponentRegistrar" />
125-->[com.google.firebase:firebase-firestore-ktx:25.0.0] AndroidManifest.xml:14:17-82
126            <meta-data
126-->[com.google.firebase:firebase-firestore:25.0.0] AndroidManifest.xml:17:13-19:85
127                android:name="com.google.firebase.components:com.google.firebase.firestore.FirebaseFirestoreKtxRegistrar"
127-->[com.google.firebase:firebase-firestore:25.0.0] AndroidManifest.xml:18:17-122
128                android:value="com.google.firebase.components.ComponentRegistrar" />
128-->[com.google.firebase:firebase-firestore:25.0.0] AndroidManifest.xml:19:17-82
129            <meta-data
129-->[com.google.firebase:firebase-firestore:25.0.0] AndroidManifest.xml:20:13-22:85
130                android:name="com.google.firebase.components:com.google.firebase.firestore.FirestoreRegistrar"
130-->[com.google.firebase:firebase-firestore:25.0.0] AndroidManifest.xml:21:17-111
131                android:value="com.google.firebase.components.ComponentRegistrar" />
131-->[com.google.firebase:firebase-firestore:25.0.0] AndroidManifest.xml:22:17-82
132            <meta-data
132-->[com.google.firebase:firebase-auth-ktx:23.0.0] AndroidManifest.xml:11:13-13:85
133                android:name="com.google.firebase.components:com.google.firebase.auth.ktx.FirebaseAuthLegacyRegistrar"
133-->[com.google.firebase:firebase-auth-ktx:23.0.0] AndroidManifest.xml:12:17-119
134                android:value="com.google.firebase.components.ComponentRegistrar" />
134-->[com.google.firebase:firebase-auth-ktx:23.0.0] AndroidManifest.xml:13:17-82
135            <meta-data
135-->[com.google.firebase:firebase-auth:23.0.0] AndroidManifest.xml:69:13-71:85
136                android:name="com.google.firebase.components:com.google.firebase.auth.FirebaseAuthRegistrar"
136-->[com.google.firebase:firebase-auth:23.0.0] AndroidManifest.xml:70:17-109
137                android:value="com.google.firebase.components.ComponentRegistrar" />
137-->[com.google.firebase:firebase-auth:23.0.0] AndroidManifest.xml:71:17-82
138            <meta-data
138-->[com.google.firebase:firebase-common-ktx:21.0.0] AndroidManifest.xml:12:13-14:85
139                android:name="com.google.firebase.components:com.google.firebase.ktx.FirebaseCommonLegacyRegistrar"
139-->[com.google.firebase:firebase-common-ktx:21.0.0] AndroidManifest.xml:13:17-116
140                android:value="com.google.firebase.components.ComponentRegistrar" />
140-->[com.google.firebase:firebase-common-ktx:21.0.0] AndroidManifest.xml:14:17-82
141            <meta-data
141-->[com.google.firebase:firebase-common:21.0.0] AndroidManifest.xml:35:13-37:85
142                android:name="com.google.firebase.components:com.google.firebase.FirebaseCommonKtxRegistrar"
142-->[com.google.firebase:firebase-common:21.0.0] AndroidManifest.xml:36:17-109
143                android:value="com.google.firebase.components.ComponentRegistrar" />
143-->[com.google.firebase:firebase-common:21.0.0] AndroidManifest.xml:37:17-82
144        </service>
145
146        <activity
146-->[com.google.firebase:firebase-auth:23.0.0] AndroidManifest.xml:29:9-46:20
147            android:name="com.google.firebase.auth.internal.GenericIdpActivity"
147-->[com.google.firebase:firebase-auth:23.0.0] AndroidManifest.xml:30:13-80
148            android:excludeFromRecents="true"
148-->[com.google.firebase:firebase-auth:23.0.0] AndroidManifest.xml:31:13-46
149            android:exported="true"
149-->[com.google.firebase:firebase-auth:23.0.0] AndroidManifest.xml:32:13-36
150            android:launchMode="singleTask"
150-->[com.google.firebase:firebase-auth:23.0.0] AndroidManifest.xml:33:13-44
151            android:theme="@android:style/Theme.Translucent.NoTitleBar" >
151-->[com.google.firebase:firebase-auth:23.0.0] AndroidManifest.xml:34:13-72
152            <intent-filter>
152-->[com.google.firebase:firebase-auth:23.0.0] AndroidManifest.xml:35:13-45:29
153                <action android:name="android.intent.action.VIEW" />
153-->[com.google.firebase:firebase-auth:23.0.0] AndroidManifest.xml:36:17-69
153-->[com.google.firebase:firebase-auth:23.0.0] AndroidManifest.xml:36:25-66
154
155                <category android:name="android.intent.category.DEFAULT" />
155-->[com.google.firebase:firebase-auth:23.0.0] AndroidManifest.xml:38:17-76
155-->[com.google.firebase:firebase-auth:23.0.0] AndroidManifest.xml:38:27-73
156                <category android:name="android.intent.category.BROWSABLE" />
156-->[com.google.firebase:firebase-auth:23.0.0] AndroidManifest.xml:39:17-78
156-->[com.google.firebase:firebase-auth:23.0.0] AndroidManifest.xml:39:27-75
157
158                <data
158-->[com.google.firebase:firebase-auth:23.0.0] AndroidManifest.xml:41:17-44:51
159                    android:host="firebase.auth"
159-->[com.google.firebase:firebase-auth:23.0.0] AndroidManifest.xml:42:21-49
160                    android:path="/"
160-->[com.google.firebase:firebase-auth:23.0.0] AndroidManifest.xml:43:21-37
161                    android:scheme="genericidp" />
161-->[com.google.firebase:firebase-auth:23.0.0] AndroidManifest.xml:44:21-48
162            </intent-filter>
163        </activity>
164        <activity
164-->[com.google.firebase:firebase-auth:23.0.0] AndroidManifest.xml:47:9-64:20
165            android:name="com.google.firebase.auth.internal.RecaptchaActivity"
165-->[com.google.firebase:firebase-auth:23.0.0] AndroidManifest.xml:48:13-79
166            android:excludeFromRecents="true"
166-->[com.google.firebase:firebase-auth:23.0.0] AndroidManifest.xml:49:13-46
167            android:exported="true"
167-->[com.google.firebase:firebase-auth:23.0.0] AndroidManifest.xml:50:13-36
168            android:launchMode="singleTask"
168-->[com.google.firebase:firebase-auth:23.0.0] AndroidManifest.xml:51:13-44
169            android:theme="@android:style/Theme.Translucent.NoTitleBar" >
169-->[com.google.firebase:firebase-auth:23.0.0] AndroidManifest.xml:52:13-72
170            <intent-filter>
170-->[com.google.firebase:firebase-auth:23.0.0] AndroidManifest.xml:53:13-63:29
171                <action android:name="android.intent.action.VIEW" />
171-->[com.google.firebase:firebase-auth:23.0.0] AndroidManifest.xml:36:17-69
171-->[com.google.firebase:firebase-auth:23.0.0] AndroidManifest.xml:36:25-66
172
173                <category android:name="android.intent.category.DEFAULT" />
173-->[com.google.firebase:firebase-auth:23.0.0] AndroidManifest.xml:38:17-76
173-->[com.google.firebase:firebase-auth:23.0.0] AndroidManifest.xml:38:27-73
174                <category android:name="android.intent.category.BROWSABLE" />
174-->[com.google.firebase:firebase-auth:23.0.0] AndroidManifest.xml:39:17-78
174-->[com.google.firebase:firebase-auth:23.0.0] AndroidManifest.xml:39:27-75
175
176                <data
176-->[com.google.firebase:firebase-auth:23.0.0] AndroidManifest.xml:41:17-44:51
177                    android:host="firebase.auth"
177-->[com.google.firebase:firebase-auth:23.0.0] AndroidManifest.xml:42:21-49
178                    android:path="/"
178-->[com.google.firebase:firebase-auth:23.0.0] AndroidManifest.xml:43:21-37
179                    android:scheme="recaptcha" />
179-->[com.google.firebase:firebase-auth:23.0.0] AndroidManifest.xml:44:21-48
180            </intent-filter>
181        </activity>
182
183        <service
183-->[androidx.credentials:credentials-play-services-auth:1.2.0-rc01] AndroidManifest.xml:24:9-32:19
184            android:name="androidx.credentials.playservices.CredentialProviderMetadataHolder"
184-->[androidx.credentials:credentials-play-services-auth:1.2.0-rc01] AndroidManifest.xml:25:13-94
185            android:enabled="true"
185-->[androidx.credentials:credentials-play-services-auth:1.2.0-rc01] AndroidManifest.xml:26:13-35
186            android:exported="false" >
186-->[androidx.credentials:credentials-play-services-auth:1.2.0-rc01] AndroidManifest.xml:27:13-37
187            <meta-data
187-->[androidx.credentials:credentials-play-services-auth:1.2.0-rc01] AndroidManifest.xml:29:13-31:104
188                android:name="androidx.credentials.CREDENTIAL_PROVIDER_KEY"
188-->[androidx.credentials:credentials-play-services-auth:1.2.0-rc01] AndroidManifest.xml:30:17-76
189                android:value="androidx.credentials.playservices.CredentialProviderPlayServicesImpl" />
189-->[androidx.credentials:credentials-play-services-auth:1.2.0-rc01] AndroidManifest.xml:31:17-101
190        </service>
191
192        <activity
192-->[androidx.credentials:credentials-play-services-auth:1.2.0-rc01] AndroidManifest.xml:34:9-41:20
193            android:name="androidx.credentials.playservices.HiddenActivity"
193-->[androidx.credentials:credentials-play-services-auth:1.2.0-rc01] AndroidManifest.xml:35:13-76
194            android:configChanges="orientation|screenSize|screenLayout|keyboardHidden"
194-->[androidx.credentials:credentials-play-services-auth:1.2.0-rc01] AndroidManifest.xml:36:13-87
195            android:enabled="true"
195-->[androidx.credentials:credentials-play-services-auth:1.2.0-rc01] AndroidManifest.xml:37:13-35
196            android:exported="false"
196-->[androidx.credentials:credentials-play-services-auth:1.2.0-rc01] AndroidManifest.xml:38:13-37
197            android:fitsSystemWindows="true"
197-->[androidx.credentials:credentials-play-services-auth:1.2.0-rc01] AndroidManifest.xml:39:13-45
198            android:theme="@style/Theme.Hidden" >
198-->[androidx.credentials:credentials-play-services-auth:1.2.0-rc01] AndroidManifest.xml:40:13-48
199        </activity>
200        <activity
200-->[com.google.android.gms:play-services-auth:20.7.0] AndroidManifest.xml:23:9-27:75
201            android:name="com.google.android.gms.auth.api.signin.internal.SignInHubActivity"
201-->[com.google.android.gms:play-services-auth:20.7.0] AndroidManifest.xml:24:13-93
202            android:excludeFromRecents="true"
202-->[com.google.android.gms:play-services-auth:20.7.0] AndroidManifest.xml:25:13-46
203            android:exported="false"
203-->[com.google.android.gms:play-services-auth:20.7.0] AndroidManifest.xml:26:13-37
204            android:theme="@android:style/Theme.Translucent.NoTitleBar" />
204-->[com.google.android.gms:play-services-auth:20.7.0] AndroidManifest.xml:27:13-72
205        <!--
206            Service handling Google Sign-In user revocation. For apps that do not integrate with
207            Google Sign-In, this service will never be started.
208        -->
209        <service
209-->[com.google.android.gms:play-services-auth:20.7.0] AndroidManifest.xml:33:9-37:51
210            android:name="com.google.android.gms.auth.api.signin.RevocationBoundService"
210-->[com.google.android.gms:play-services-auth:20.7.0] AndroidManifest.xml:34:13-89
211            android:exported="true"
211-->[com.google.android.gms:play-services-auth:20.7.0] AndroidManifest.xml:35:13-36
212            android:permission="com.google.android.gms.auth.api.signin.permission.REVOCATION_NOTIFICATION"
212-->[com.google.android.gms:play-services-auth:20.7.0] AndroidManifest.xml:36:13-107
213            android:visibleToInstantApps="true" />
213-->[com.google.android.gms:play-services-auth:20.7.0] AndroidManifest.xml:37:13-48
214
215        <activity
215-->[com.google.android.gms:play-services-base:18.5.0] AndroidManifest.xml:5:9-173
216            android:name="com.google.android.gms.common.api.GoogleApiActivity"
216-->[com.google.android.gms:play-services-base:18.5.0] AndroidManifest.xml:5:19-85
217            android:exported="false"
217-->[com.google.android.gms:play-services-base:18.5.0] AndroidManifest.xml:5:146-170
218            android:theme="@android:style/Theme.Translucent.NoTitleBar" />
218-->[com.google.android.gms:play-services-base:18.5.0] AndroidManifest.xml:5:86-145
219
220        <provider
220-->[com.google.firebase:firebase-common:21.0.0] AndroidManifest.xml:23:9-28:39
221            android:name="com.google.firebase.provider.FirebaseInitProvider"
221-->[com.google.firebase:firebase-common:21.0.0] AndroidManifest.xml:24:13-77
222            android:authorities="com.mospee.firebaseinitprovider"
222-->[com.google.firebase:firebase-common:21.0.0] AndroidManifest.xml:25:13-72
223            android:directBootAware="true"
223-->[com.google.firebase:firebase-common:21.0.0] AndroidManifest.xml:26:13-43
224            android:exported="false"
224-->[com.google.firebase:firebase-common:21.0.0] AndroidManifest.xml:27:13-37
225            android:initOrder="100" />
225-->[com.google.firebase:firebase-common:21.0.0] AndroidManifest.xml:28:13-36
226
227        <service
227-->[androidx.room:room-runtime:2.6.1] AndroidManifest.xml:24:9-28:63
228            android:name="androidx.room.MultiInstanceInvalidationService"
228-->[androidx.room:room-runtime:2.6.1] AndroidManifest.xml:25:13-74
229            android:directBootAware="true"
229-->[androidx.room:room-runtime:2.6.1] AndroidManifest.xml:26:13-43
230            android:exported="false" />
230-->[androidx.room:room-runtime:2.6.1] AndroidManifest.xml:27:13-37
231
232        <activity
232-->[androidx.compose.ui:ui-test-manifest:1.6.8] AndroidManifest.xml:23:9-25:39
233            android:name="androidx.activity.ComponentActivity"
233-->[androidx.compose.ui:ui-test-manifest:1.6.8] AndroidManifest.xml:24:13-63
234            android:exported="true" />
234-->[androidx.compose.ui:ui-test-manifest:1.6.8] AndroidManifest.xml:25:13-36
235        <activity
235-->[androidx.compose.ui:ui-tooling-android:1.6.8] AndroidManifest.xml:23:9-25:39
236            android:name="androidx.compose.ui.tooling.PreviewActivity"
236-->[androidx.compose.ui:ui-tooling-android:1.6.8] AndroidManifest.xml:24:13-71
237            android:exported="true" />
237-->[androidx.compose.ui:ui-tooling-android:1.6.8] AndroidManifest.xml:25:13-36
238
239        <provider
239-->[androidx.emoji2:emoji2:1.3.0] AndroidManifest.xml:24:9-32:20
240            android:name="androidx.startup.InitializationProvider"
240-->[androidx.emoji2:emoji2:1.3.0] AndroidManifest.xml:25:13-67
241            android:authorities="com.mospee.androidx-startup"
241-->[androidx.emoji2:emoji2:1.3.0] AndroidManifest.xml:26:13-68
242            android:exported="false" >
242-->[androidx.emoji2:emoji2:1.3.0] AndroidManifest.xml:27:13-37
243            <meta-data
243-->[androidx.emoji2:emoji2:1.3.0] AndroidManifest.xml:29:13-31:52
244                android:name="androidx.emoji2.text.EmojiCompatInitializer"
244-->[androidx.emoji2:emoji2:1.3.0] AndroidManifest.xml:30:17-75
245                android:value="androidx.startup" />
245-->[androidx.emoji2:emoji2:1.3.0] AndroidManifest.xml:31:17-49
246            <meta-data
246-->[androidx.lifecycle:lifecycle-process:2.8.3] AndroidManifest.xml:29:13-31:52
247                android:name="androidx.lifecycle.ProcessLifecycleInitializer"
247-->[androidx.lifecycle:lifecycle-process:2.8.3] AndroidManifest.xml:30:17-78
248                android:value="androidx.startup" />
248-->[androidx.lifecycle:lifecycle-process:2.8.3] AndroidManifest.xml:31:17-49
249            <meta-data
249-->[androidx.profileinstaller:profileinstaller:1.3.1] AndroidManifest.xml:29:13-31:52
250                android:name="androidx.profileinstaller.ProfileInstallerInitializer"
250-->[androidx.profileinstaller:profileinstaller:1.3.1] AndroidManifest.xml:30:17-85
251                android:value="androidx.startup" />
251-->[androidx.profileinstaller:profileinstaller:1.3.1] AndroidManifest.xml:31:17-49
252        </provider>
253
254        <receiver
254-->[androidx.profileinstaller:profileinstaller:1.3.1] AndroidManifest.xml:34:9-52:20
255            android:name="androidx.profileinstaller.ProfileInstallReceiver"
255-->[androidx.profileinstaller:profileinstaller:1.3.1] AndroidManifest.xml:35:13-76
256            android:directBootAware="false"
256-->[androidx.profileinstaller:profileinstaller:1.3.1] AndroidManifest.xml:36:13-44
257            android:enabled="true"
257-->[androidx.profileinstaller:profileinstaller:1.3.1] AndroidManifest.xml:37:13-35
258            android:exported="true"
258-->[androidx.profileinstaller:profileinstaller:1.3.1] AndroidManifest.xml:38:13-36
259            android:permission="android.permission.DUMP" >
259-->[androidx.profileinstaller:profileinstaller:1.3.1] AndroidManifest.xml:39:13-57
260            <intent-filter>
260-->[androidx.profileinstaller:profileinstaller:1.3.1] AndroidManifest.xml:40:13-42:29
261                <action android:name="androidx.profileinstaller.action.INSTALL_PROFILE" />
261-->[androidx.profileinstaller:profileinstaller:1.3.1] AndroidManifest.xml:41:17-91
261-->[androidx.profileinstaller:profileinstaller:1.3.1] AndroidManifest.xml:41:25-88
262            </intent-filter>
263            <intent-filter>
263-->[androidx.profileinstaller:profileinstaller:1.3.1] AndroidManifest.xml:43:13-45:29
264                <action android:name="androidx.profileinstaller.action.SKIP_FILE" />
264-->[androidx.profileinstaller:profileinstaller:1.3.1] AndroidManifest.xml:44:17-85
264-->[androidx.profileinstaller:profileinstaller:1.3.1] AndroidManifest.xml:44:25-82
265            </intent-filter>
266            <intent-filter>
266-->[androidx.profileinstaller:profileinstaller:1.3.1] AndroidManifest.xml:46:13-48:29
267                <action android:name="androidx.profileinstaller.action.SAVE_PROFILE" />
267-->[androidx.profileinstaller:profileinstaller:1.3.1] AndroidManifest.xml:47:17-88
267-->[androidx.profileinstaller:profileinstaller:1.3.1] AndroidManifest.xml:47:25-85
268            </intent-filter>
269            <intent-filter>
269-->[androidx.profileinstaller:profileinstaller:1.3.1] AndroidManifest.xml:49:13-51:29
270                <action android:name="androidx.profileinstaller.action.BENCHMARK_OPERATION" />
270-->[androidx.profileinstaller:profileinstaller:1.3.1] AndroidManifest.xml:50:17-95
270-->[androidx.profileinstaller:profileinstaller:1.3.1] AndroidManifest.xml:50:25-92
271            </intent-filter>
272        </receiver>
273    </application>
274
275</manifest>